Environment variables:
  - =C:=C:\Users\YashwanthVittal\Desktop\IBM Backup\repo\samplemavenrepo\src\main\java\org\maven
  - =D:=D:\
  - ALLUSERSPROFILE=C:\ProgramData
  - APPDATA=C:\Users\YashwanthVittal\AppData\Roaming
  - COMPUTERNAME=DESKTOP-JUDVP26
  - ComSpec=C:\windows\system32\cmd.exe
  - CommonProgramFiles=C:\Program Files\Common Files
  - CommonProgramFiles(x86)=C:\Program Files (x86)\Common Files
  - CommonProgramW6432=C:\Program Files\Common Files
  - ERROR_CODE=0
  - FPS_BROWSER_APP_PROFILE_STRING=Internet Explorer
  - FPS_BROWSER_USER_PROFILE_STRING=Default
  - HOMEDRIVE=C:
  - HOMEPATH=\Users\YashwanthVittal
  - JAVA_EXEC="C:\ProgramData\Oracle\Java\javapath\java.exe"
  - LOCALAPPDATA=C:\Users\YashwanthVittal\AppData\Local
  - LOGONSERVER=\\DESKTOP-JUDVP26
  - NUMBER_OF_PROCESSORS=4
  - OS=Windows_NT
  - PATHEXT=.COM;.EXE;.BAT;.CMD;.VBS;.VBE;.JS;.JSE;.WSF;.WSH;.MSC
  - PROCESSOR_ARCHITECTURE=AMD64
  - PROCESSOR_IDENTIFIER=Intel64 Family 6 Model 78 Stepping 3, GenuineIntel
  - PROCESSOR_LEVEL=6
  - PROCESSOR_REVISION=4e03
  - PROJECT_HOME=C:\Users\YashwanthVittal\Desktop\IBM Backup\repo\samplemavenrepo\src\main\java\org\maven
  - PROMPT=$P$G
  - PSModulePath=C:\Program Files\WindowsPowerShell\Modules;C:\windows\system32\WindowsPowerShell\v1.0\Modules
  - PUBLIC=C:\Users\Public
  - Path=C:\ProgramData\Oracle\Java\javapath;C:\windows\system32;C:\windows;C:\windows\System32\Wbem;C:\windows\System32\WindowsPowerShell\v1.0\;C:\Users\YashwanthVittal\Documents\SonarQube\sonar-scanner-2.8\sonar-scanner-2.8\bin;C:\Users\YashwanthVittal\Documents\SonarQube\sonarqube-5.6.6\sonarqube-5.6.6\bin;C:\Users\YashwanthVittal\AppData\Local\Microsoft\WindowsApps;C:\Users\YashwanthVittal\AppData\Local\Box\Box Edit\
  - ProgramData=C:\ProgramData
  - ProgramFiles=C:\Program Files
  - ProgramFiles(x86)=C:\Program Files (x86)
  - ProgramW6432=C:\Program Files
  - SESSIONNAME=Console
  - SONAR_SCANNER_HOME=C:\Users\YashwanthVittal\Documents\SonarQube\sonar-scanner-2.8\sonar-scanner-2.8\bin\..
  - SystemDrive=C:
  - SystemRoot=C:\windows
  - TEMP=C:\Users\YASHWA~1\AppData\Local\Temp
  - TMP=C:\Users\YASHWA~1\AppData\Local\Temp
  - USERDOMAIN=AzureAD
  - USERDOMAIN_ROAMINGPROFILE=AzureAD
  - USERNAME=YashwanthVittal
  - USERPROFILE=C:\Users\YashwanthVittal
  - windir=C:\windows
System properties:
  - awt.toolkit=sun.awt.windows.WToolkit
  - file.encoding=Cp1252
  - file.encoding.pkg=sun.io
  - file.separator=\
  - java.awt.graphicsenv=sun.awt.Win32GraphicsEnvironment
  - java.awt.headless=true
  - java.awt.printerjob=sun.awt.windows.WPrinterJob
  - java.class.path=C:\Users\YashwanthVittal\Documents\SonarQube\sonar-scanner-2.8\sonar-scanner-2.8\bin\..\lib\sonar-scanner-cli-2.8.jar
  - java.class.version=52.0
  - java.endorsed.dirs=C:\Program Files\Java\jre1.8.0_121\lib\endorsed
  - java.ext.dirs=C:\Program Files\Java\jre1.8.0_121\lib\ext;C:\windows\Sun\Java\lib\ext
  - java.home=C:\Program Files\Java\jre1.8.0_121
  - java.io.tmpdir=C:\Users\YASHWA~1\AppData\Local\Temp\
  - java.library.path=C:\ProgramData\Oracle\Java\javapath;C:\windows\Sun\Java\bin;C:\windows\system32;C:\windows;C:\ProgramData\Oracle\Java\javapath;C:\windows\system32;C:\windows;C:\windows\System32\Wbem;C:\windows\System32\WindowsPowerShell\v1.0\;C:\Users\YashwanthVittal\Documents\SonarQube\sonar-scanner-2.8\sonar-scanner-2.8\bin;C:\Users\YashwanthVittal\Documents\SonarQube\sonarqube-5.6.6\sonarqube-5.6.6\bin;C:\Users\YashwanthVittal\AppData\Local\Microsoft\WindowsApps;C:\Users\YashwanthVittal\AppData\Local\Box\Box Edit\;.
  - java.runtime.name=Java(TM) SE Runtime Environment
  - java.runtime.version=1.8.0_121-b13
  - java.specification.name=Java Platform API Specification
  - java.specification.vendor=Oracle Corporation
  - java.specification.version=1.8
  - java.vendor=Oracle Corporation
  - java.vendor.url=http://java.oracle.com/
  - java.vendor.url.bug=http://bugreport.sun.com/bugreport/
  - java.version=1.8.0_121
  - java.vm.info=mixed mode
  - java.vm.name=Java HotSpot(TM) 64-Bit Server VM
  - java.vm.specification.name=Java Virtual Machine Specification
  - java.vm.specification.vendor=Oracle Corporation
  - java.vm.specification.version=1.8
  - java.vm.vendor=Oracle Corporation
  - java.vm.version=25.121-b13
  - line.separator=

  - os.arch=amd64
  - os.name=Windows 10
  - os.version=10.0
  - path.separator=;
  - project.home=C:\Users\YashwanthVittal\Desktop\IBM Backup\repo\samplemavenrepo\src\main\java\org\maven
  - scanner.home=C:\Users\YashwanthVittal\Documents\SonarQube\sonar-scanner-2.8\sonar-scanner-2.8\bin\..
  - sun.arch.data.model=64
  - sun.boot.class.path=C:\Program Files\Java\jre1.8.0_121\lib\resources.jar;C:\Program Files\Java\jre1.8.0_121\lib\rt.jar;C:\Program Files\Java\jre1.8.0_121\lib\sunrsasign.jar;C:\Program Files\Java\jre1.8.0_121\lib\jsse.jar;C:\Program Files\Java\jre1.8.0_121\lib\jce.jar;C:\Program Files\Java\jre1.8.0_121\lib\charsets.jar;C:\Program Files\Java\jre1.8.0_121\lib\jfr.jar;C:\Program Files\Java\jre1.8.0_121\classes
  - sun.boot.library.path=C:\Program Files\Java\jre1.8.0_121\bin
  - sun.cpu.endian=little
  - sun.cpu.isalist=amd64
  - sun.desktop=windows
  - sun.io.unicode.encoding=UnicodeLittle
  - sun.java.command=org.sonarsource.scanner.cli.Main -X
  - sun.java.launcher=SUN_STANDARD
  - sun.jnu.encoding=Cp1252
  - sun.management.compiler=HotSpot 64-Bit Tiered Compilers
  - sun.os.patch.level=
  - sun.stderr.encoding=cp437
  - sun.stdout.encoding=cp437
  - user.country=IN
  - user.dir=C:\Users\YashwanthVittal\Desktop\IBM Backup\repo\samplemavenrepo\src\main\java\org\maven
  - user.home=C:\Users\YashwanthVittal
  - user.language=en
  - user.name=YashwanthVittal
  - user.script=
  - user.timezone=Asia/Calcutta
  - user.variant=
SonarQube plugins:
  - C# 5.0 (csharp)
  - Java 3.13.1 (java)
  - SVN 1.3 (scmsvn)
  - Git 1.2 (scmgit)
  - JavaScript 2.11 (javascript)
Global properties:
  - sonar.core.id=20170405125457
  - sonar.core.startTime=2017-04-05T12:54:57+0530
  - sonar.core.version=5.6.6
  - sonar.permission.template.default=default_template
  - sonar.qualitygate=1
Settings for module: samplemavenrepo
  - sonar.host.url=http://localhost:9000
  - sonar.projectBaseDir=C:\Users\YashwanthVittal\Desktop\IBM Backup\repo\samplemavenrepo\src\main\java\org\maven
  - sonar.projectKey=samplemavenrepo
  - sonar.projectName=Theproject1234
  - sonar.projectVersion=1.0
  - sonar.qualitygate=33
  - sonar.sourceEncoding=windows-1252
  - sonar.sources=C:/Users/YashwanthVittal/Desktop/IBM Backup/repo/samplemavenrepo
  - sonar.verbose=true
  - sonar.working.directory=C:\Users\YashwanthVittal\Desktop\IBM Backup\repo\samplemavenrepo\src\main\java\org\maven\.sonar
